C51 COMPILER V9.01   MAIN                                                                  06/09/2020 14:56:01 PAGE 1   


C51 COMPILER V9.01, COMPILATION OF MODULE MAIN
OBJECT MODULE PLACED IN main.OBJ
COMPILER INVOKED BY: C:\Keil\C51\BIN\C51.EXE main.c BROWSE DEBUG OBJECTEXTEND

line level    source

   1          #include"..\Lib\main.h"
   2          
   3          #include"..\Lib\Delay.h"
   4          
   5          void main(){
   6   1              P0=0x55;
   7   1              while(1){
   8   2                      P0=~P0;
   9   2                      Delay_ms(1000);
  10   2              }
  11   1      
  12   1      }


MODULE INFORMATION:   STATIC OVERLAYABLE
   CODE SIZE        =     15    ----
   CONSTANT SIZE    =   ----    ----
   XDATA SIZE       =   ----    ----
   PDATA SIZE       =   ----    ----
   DATA SIZE        =   ----    ----
   IDATA SIZE       =   ----    ----
   BIT SIZE         =   ----    ----
END OF MODULE INFORMATION.


C51 COMPILATION COMPLETE.  0 WARNING(S),  0 ERROR(S)
